<?xml version="1.0" encoding="UTF-8"?>
<testng-results skipped="0" failed="0" ignored="0" total="1" passed="1">
  <reporter-output>
  </reporter-output>
  <suite name="Default suite" duration-ms="13702" started-at="2018-09-04T21:11:10Z" finished-at="2018-09-04T21:11:24Z">
    <groups>
    </groups>
    <test name="Default test" duration-ms="13702" started-at="2018-09-04T21:11:10Z" finished-at="2018-09-04T21:11:24Z">
      <class name="Selenium.GetAttribute">
        <test-method status="PASS" signature="Setup()[pri:0, instance:Selenium.GetAttribute@396a51ab]" name="Setup" is-config="true" duration-ms="12448" started-at="2018-09-04T16:11:10Z" finished-at="2018-09-04T16:11:23Z">
          <reporter-output>
          </reporter-output>
        </test-method> <!-- Setup -->
        <test-method status="PASS" signature="Login()[pri:0, instance:Selenium.GetAttribute@396a51ab]" name="Login" duration-ms="346" started-at="2018-09-04T16:11:23Z" finished-at="2018-09-04T16:11:23Z">
          <reporter-output>
          </reporter-output>
        </test-method> <!-- Login -->
        <test-method status="PASS" signature="CleanUp()[pri:0, instance:Selenium.GetAttribute@396a51ab]" name="CleanUp" is-config="true" duration-ms="880" started-at="2018-09-04T16:11:23Z" finished-at="2018-09-04T16:11:24Z">
          <reporter-output>
          </reporter-output>
        </test-method> <!-- CleanUp -->
      </class> <!-- Selenium.GetAttribute -->
    </test> <!-- Default test -->
  </suite> <!-- Default suite -->
</testng-results>
