<?xml version="1.0" encoding="UTF-8"?>
<testng-results skipped="0" failed="0" ignored="0" total="1" passed="1">
  <reporter-output>
  </reporter-output>
  <suite name="Default suite" duration-ms="11847" started-at="2018-09-03T21:30:40Z" finished-at="2018-09-03T21:30:52Z">
    <groups>
    </groups>
    <test name="Default test" duration-ms="11847" started-at="2018-09-03T21:30:40Z" finished-at="2018-09-03T21:30:52Z">
      <class name="Selenium.GetAttribute">
        <test-method status="PASS" signature="Setup()[pri:0, instance:Selenium.GetAttribute@396a51ab]" name="Setup" is-config="true" duration-ms="10136" started-at="2018-09-03T16:30:40Z" finished-at="2018-09-03T16:30:50Z">
          <reporter-output>
          </reporter-output>
        </test-method> <!-- Setup -->
        <test-method status="PASS" signature="Login()[pri:0, instance:Selenium.GetAttribute@396a51ab]" name="Login" duration-ms="580" started-at="2018-09-03T16:30:50Z" finished-at="2018-09-03T16:30:51Z">
          <reporter-output>
          </reporter-output>
        </test-method> <!-- Login -->
        <test-method status="PASS" signature="CleanUp()[pri:0, instance:Selenium.GetAttribute@396a51ab]" name="CleanUp" is-config="true" duration-ms="1094" started-at="2018-09-03T16:30:51Z" finished-at="2018-09-03T16:30:52Z">
          <reporter-output>
          </reporter-output>
        </test-method> <!-- CleanUp -->
      </class> <!-- Selenium.GetAttribute -->
    </test> <!-- Default test -->
  </suite> <!-- Default suite -->
</testng-results>
