<?xml version="1.0" encoding="UTF-8"?>
<testng-results skipped="0" failed="0" ignored="0" total="1" passed="1">
  <reporter-output>
  </reporter-output>
  <suite name="Default suite" duration-ms="57878" started-at="2018-10-02T19:53:37Z" finished-at="2018-10-02T19:54:35Z">
    <groups>
    </groups>
    <test name="Default test" duration-ms="57878" started-at="2018-10-02T19:53:37Z" finished-at="2018-10-02T19:54:35Z">
      <class name="TestAutomation.LoginWithTestNG">
        <test-method status="PASS" signature="Setup()[pri:0, instance:TestAutomation.LoginWithTestNG@68be2bc2]" name="Setup" is-config="true" duration-ms="9678" started-at="2018-10-02T15:53:37Z" finished-at="2018-10-02T15:53:47Z">
          <reporter-output>
          </reporter-output>
        </test-method> <!-- Setup -->
        <test-method status="PASS" signature="Login()[pri:0, instance:TestAutomation.LoginWithTestNG@68be2bc2]" name="Login" duration-ms="46607" started-at="2018-10-02T15:53:47Z" finished-at="2018-10-02T15:54:33Z">
          <reporter-output>
          </reporter-output>
        </test-method> <!-- Login -->
        <test-method status="PASS" signature="CleanUp()[pri:0, instance:TestAutomation.LoginWithTestNG@68be2bc2]" name="CleanUp" is-config="true" duration-ms="1515" started-at="2018-10-02T15:54:33Z" finished-at="2018-10-02T15:54:35Z">
          <reporter-output>
          </reporter-output>
        </test-method> <!-- CleanUp -->
      </class> <!-- TestAutomation.LoginWithTestNG -->
    </test> <!-- Default test -->
  </suite> <!-- Default suite -->
</testng-results>
